<?xml version="1.0" encoding="UTF-8"?>
<!-- Generated by org.testng.reporters.JUnitReportReporter -->
<testsuite hostname="win2019" failures="0" tests="1" name="com.DropDown.DropDownBox" time="12.398" errors="0" timestamp="2024-08-22T07:27:39 PDT" skipped="0">
  <testcase classname="com.DropDown.DropDownBox" name="dropDownBox" time="12.398"/>
  <system-out/>
</testsuite> <!-- com.DropDown.DropDownBox -->
