<?xml version="1.0" encoding="UTF-8"?>
<!-- Generated by org.testng.reporters.JUnitReportReporter -->
<testsuite hostname="win2019" failures="0" tests="1" name="com.DropDown.DropDownExample" time="18.278" errors="0" timestamp="2024-08-22T06:52:15 PDT" skipped="0">
  <testcase classname="com.DropDown.DropDownExample" name="dropDown" time="18.278"/>
  <system-out/>
</testsuite> <!-- com.DropDown.DropDownExample -->
